SF:/Users/danielnewville/Documents/GitHub/shu_epub/lib/src/controllers/navigation/navigation_label_list_mixin.dart
DA:6,12
DA:8,24
DA:10,24
LF:3
LH:3
end_of_record
SF:/Users/danielnewville/Documents/GitHub/shu_epub/lib/src/controllers/navigation/class_type_mixin.dart
DA:6,9
DA:7,18
LF:2
LH:2
end_of_record
SF:/Users/danielnewville/Documents/GitHub/shu_epub/lib/src/controllers/navigation/epub_navigation_info_controller.dart
DA:9,4
DA:14,4
DA:16,12
DA:17,0
DA:18,0
DA:22,4
DA:31,1
DA:32,1
DA:33,1
DA:34,1
DA:41,1
DA:42,1
DA:47,1
DA:48,2
DA:51,0
DA:52,0
DA:56,1
LF:17
LH:13
end_of_record
SF:/Users/danielnewville/Documents/GitHub/shu_epub/lib/src/controllers/navigation/language_mixin.dart
DA:6,16
DA:7,64
LF:2
LH:2
end_of_record
SF:/Users/danielnewville/Documents/GitHub/shu_epub/lib/src/controllers/package/epub_package_controller.dart
DA:11,0
DA:13,0
DA:17,1
DA:18,1
DA:19,1
DA:20,1
DA:24,2
DA:25,6
DA:26,0
DA:27,0
DA:33,2
DA:35,2
DA:37,2
DA:39,2
DA:41,2
DA:43,2
DA:53,2
DA:63,2
DA:64,2
DA:68,2
DA:70,2
DA:72,2
DA:75,2
DA:77,2
DA:78,0
DA:79,0
DA:87,2
DA:91,2
DA:93,2
DA:94,0
DA:97,0
DA:98,0
DA:103,0
DA:104,0
DA:106,0
DA:114,2
DA:120,4
DA:122,0
DA:123,0
DA:130,1
DA:131,2
DA:133,0
DA:137,2
DA:139,0
DA:144,2
DA:146,1
DA:154,1
DA:155,3
DA:157,3
DA:161,0
DA:162,0
DA:163,0
DA:164,0
DA:166,0
DA:167,1
DA:168,1
DA:169,3
DA:170,1
DA:171,1
DA:173,1
DA:176,1
DA:179,1
DA:180,4
DA:181,1
DA:184,1
DA:185,3
DA:186,1
DA:187,1
DA:188,1
DA:190,1
DA:193,1
DA:194,3
DA:195,1
DA:196,1
DA:197,1
DA:199,1
DA:202,1
DA:203,4
DA:204,1
DA:207,1
DA:208,1
DA:209,1
DA:210,1
DA:213,1
DA:214,1
DA:215,1
DA:216,1
DA:219,2
DA:223,1
DA:224,1
DA:225,1
DA:229,1
DA:230,1
DA:231,0
DA:232,0
DA:235,1
DA:236,1
DA:237,1
DA:238,1
DA:241,1
DA:242,1
DA:243,0
DA:244,0
DA:247,1
DA:248,4
DA:249,1
DA:252,1
DA:253,1
DA:254,0
DA:255,0
DA:258,1
DA:259,1
DA:260,0
DA:261,0
DA:264,1
DA:265,1
DA:266,1
DA:267,1
DA:270,1
DA:271,3
DA:272,2
DA:273,1
DA:274,1
DA:276,1
DA:278,1
DA:298,1
DA:299,2
DA:302,3
DA:303,1
DA:304,1
DA:305,1
DA:306,1
DA:308,1
DA:311,1
DA:312,3
DA:315,1
DA:318,1
DA:319,2
DA:320,2
DA:322,2
DA:323,1
DA:324,1
DA:327,1
DA:329,1
DA:330,1
DA:332,1
DA:338,2
DA:340,6
DA:345,2
DA:348,2
DA:350,6
DA:355,1
LF:152
LH:123
end_of_record
SF:/Users/danielnewville/Documents/GitHub/shu_epub/lib/src/controllers/navigation/id_mixin.dart
DA:6,18
DA:7,36
LF:2
LH:2
end_of_record
SF:/Users/danielnewville/Documents/GitHub/shu_epub/lib/src/controllers/navigation/play_order_mixin.dart
DA:6,4
DA:7,8
LF:2
LH:2
end_of_record
SF:/Users/danielnewville/Documents/GitHub/shu_epub/lib/src/controllers/navigation/navigation_info_list_mixin.dart
DA:6,6
DA:8,12
DA:10,12
LF:3
LH:3
end_of_record
SF:/Users/danielnewville/Documents/GitHub/shu_epub/lib/src/controllers/navigation/value_mixin.dart
DA:6,4
DA:7,8
LF:2
LH:2
end_of_record
SF:/Users/danielnewville/Documents/GitHub/shu_epub/lib/src/controllers/navigation/epub_navigation_content_controller.dart
DA:9,3
DA:14,3
DA:16,9
DA:17,0
DA:18,0
DA:22,3
DA:31,0
DA:32,0
DA:33,0
DA:34,0
DA:41,0
DA:42,0
DA:47,0
DA:48,0
DA:51,0
DA:52,0
DA:56,0
LF:17
LH:4
end_of_record
SF:/Users/danielnewville/Documents/GitHub/shu_epub/lib/src/controllers/navigation/epub_navigation_controller.dart
DA:10,1
DA:15,1
DA:17,3
DA:18,0
DA:19,0
DA:23,1
DA:28,1
DA:29,1
DA:30,1
DA:31,1
DA:36,1
DA:37,1
DA:42,1
DA:44,1
DA:45,1
DA:46,2
DA:49,0
DA:52,1
DA:55,1
DA:57,3
DA:62,1
DA:65,1
DA:66,1
DA:67,1
DA:68,1
DA:73,1
DA:76,1
DA:78,2
DA:81,1
DA:82,1
DA:85,1
DA:87,3
DA:92,1
DA:95,1
DA:97,3
DA:102,1
DA:105,1
DA:107,2
DA:109,2
LF:39
LH:36
end_of_record
SF:/Users/danielnewville/Documents/GitHub/shu_epub/lib/src/controllers/navigation/epub_navigation_page_target_controller.dart
DA:16,2
DA:21,2
DA:23,6
DA:24,0
DA:25,0
DA:29,2
DA:38,1
DA:40,1
DA:41,1
DA:42,1
DA:49,1
DA:50,1
DA:55,1
DA:57,2
DA:60,0
DA:61,0
DA:65,1
DA:70,2
DA:71,4
DA:76,1
DA:78,0
DA:80,0
LF:22
LH:16
end_of_record
SF:/Users/danielnewville/Documents/GitHub/shu_epub/lib/src/controllers/navigation/epub_navigation_document_author_controller.dart
DA:10,2
DA:15,2
DA:17,6
DA:18,0
DA:19,0
DA:23,2
DA:32,1
DA:34,1
DA:35,1
DA:36,1
DA:43,1
DA:44,1
DA:49,1
DA:50,2
DA:53,0
DA:54,0
DA:58,1
LF:17
LH:13
end_of_record
SF:/Users/danielnewville/Documents/GitHub/shu_epub/lib/src/controllers/navigation/text_image_mixin.dart
DA:6,15
DA:7,45
DA:12,4
DA:15,15
DA:17,45
DA:22,4
LF:6
LH:6
end_of_record
SF:/Users/danielnewville/Documents/GitHub/shu_epub/lib/src/controllers/navigation/epub_navigation_document_title_controller.dart
DA:10,2
DA:15,2
DA:17,6
DA:18,0
DA:19,0
DA:23,2
DA:32,1
DA:34,1
DA:35,1
DA:36,1
DA:43,1
DA:44,1
DA:49,1
DA:50,2
DA:53,0
DA:54,0
DA:58,1
LF:17
LH:13
end_of_record
SF:/Users/danielnewville/Documents/GitHub/shu_epub/lib/src/controllers/navigation/source_mixin.dart
DA:6,8
DA:7,16
LF:2
LH:2
end_of_record
SF:/Users/danielnewville/Documents/GitHub/shu_epub/lib/src/controllers/version_mixin.dart
DA:7,3
DA:8,6
LF:2
LH:2
end_of_record
SF:/Users/danielnewville/Documents/GitHub/shu_epub/lib/src/controllers/package/epub_guide_item_controller.dart
DA:8,3
DA:13,3
DA:14,9
DA:15,0
DA:16,0
DA:20,3
DA:29,1
DA:30,1
DA:31,1
DA:32,1
DA:39,1
DA:40,1
DA:45,1
DA:46,2
DA:49,0
DA:50,0
DA:54,1
DA:59,3
DA:60,6
DA:63,3
DA:64,6
DA:67,3
DA:68,6
LF:23
LH:19
end_of_record
SF:/Users/danielnewville/Documents/GitHub/shu_epub/lib/src/controllers/navigation/epub_navigation_target_controller.dart
DA:15,2
DA:20,2
DA:22,6
DA:23,0
DA:24,0
DA:28,2
DA:37,1
DA:38,1
DA:39,1
DA:40,1
DA:47,1
DA:48,1
DA:53,1
DA:54,2
DA:57,0
DA:58,0
DA:62,1
LF:17
LH:13
end_of_record
SF:/Users/danielnewville/Documents/GitHub/shu_epub/lib/src/controllers/navigation/epub_navigation_head_controller.dart
DA:8,2
DA:13,2
DA:14,6
DA:15,0
DA:16,0
DA:20,2
DA:29,1
DA:30,1
DA:31,1
DA:32,1
DA:39,1
DA:40,1
DA:45,1
DA:46,2
DA:49,0
DA:50,0
DA:54,1
DA:59,2
DA:61,4
DA:63,4
LF:20
LH:16
end_of_record
SF:/Users/danielnewville/Documents/GitHub/shu_epub/lib/src/controllers/navigation/epub_navigation_map_controller.dart
DA:10,2
DA:15,2
DA:16,6
DA:17,0
DA:18,0
DA:22,2
DA:31,1
DA:32,1
DA:33,1
DA:34,1
DA:41,1
DA:42,1
DA:47,1
DA:48,2
DA:51,0
DA:52,0
DA:56,1
DA:61,2
DA:63,4
DA:65,4
LF:20
LH:16
end_of_record
SF:/Users/danielnewville/Documents/GitHub/shu_epub/lib/src/controllers/navigation/content_mixin.dart
DA:6,6
DA:8,18
DA:13,3
LF:3
LH:3
end_of_record
SF:/Users/danielnewville/Documents/GitHub/shu_epub/lib/src/controllers/navigation/epub_navigation_point_controller.dart
DA:15,2
DA:20,2
DA:22,6
DA:23,0
DA:24,0
DA:28,2
DA:37,1
DA:38,1
DA:39,1
DA:40,1
DA:47,1
DA:48,1
DA:53,1
DA:54,2
DA:57,0
DA:58,0
DA:62,1
DA:67,2
DA:69,4
DA:71,4
LF:20
LH:16
end_of_record
SF:/Users/danielnewville/Documents/GitHub/shu_epub/lib/src/controllers/navigation/epub_navigation_list_controller.dart
DA:10,2
DA:15,2
DA:17,6
DA:18,0
DA:19,0
DA:23,2
DA:32,1
DA:33,1
DA:34,1
DA:35,1
DA:42,1
DA:43,1
DA:48,1
DA:49,2
DA:52,0
DA:53,0
DA:57,1
DA:62,2
DA:64,4
DA:66,4
LF:20
LH:16
end_of_record
SF:/Users/danielnewville/Documents/GitHub/shu_epub/lib/src/controllers/epub_container_controller.dart
DA:7,2
DA:11,1
DA:12,1
DA:13,1
DA:14,1
DA:18,2
DA:19,2
DA:23,2
DA:25,2
DA:26,2
DA:31,2
DA:33,2
DA:34,0
DA:35,0
DA:43,2
DA:47,2
DA:51,2
DA:52,0
DA:55,0
DA:56,0
DA:61,0
DA:62,0
DA:64,0
DA:69,2
DA:70,6
DA:72,1
DA:75,4
DA:76,2
DA:77,0
DA:80,2
DA:86,2
DA:89,4
DA:90,2
DA:92,0
DA:93,0
DA:96,2
DA:98,0
DA:99,0
DA:102,2
DA:103,2
LF:40
LH:27
end_of_record
SF:/Users/danielnewville/Documents/GitHub/shu_epub/lib/src/controllers/package/epub_single_tour_controller.dart
DA:8,2
DA:13,2
DA:14,6
DA:15,0
DA:16,0
DA:20,2
DA:29,1
DA:30,1
DA:31,1
DA:32,1
DA:39,1
DA:40,1
DA:45,1
DA:46,2
DA:49,0
DA:50,0
DA:54,1
DA:59,2
DA:60,4
DA:62,4
LF:20
LH:16
end_of_record
SF:/Users/danielnewville/Documents/GitHub/shu_epub/lib/src/controllers/package/epub_guide_controller.dart
DA:8,3
DA:13,3
DA:14,9
DA:15,0
DA:16,0
DA:20,3
DA:29,1
DA:30,1
DA:31,1
DA:32,1
DA:39,1
DA:40,1
DA:45,1
DA:46,2
DA:49,0
DA:50,0
DA:54,1
DA:59,3
DA:60,6
DA:62,6
LF:20
LH:16
end_of_record
SF:/Users/danielnewville/Documents/GitHub/shu_epub/lib/src/controllers/navigation/epub_navigation_meta_controller.dart
DA:8,2
DA:13,2
DA:14,6
DA:15,0
DA:16,0
DA:20,2
DA:29,1
DA:30,1
DA:31,1
DA:32,1
DA:39,1
DA:40,1
DA:45,1
DA:46,2
DA:49,0
DA:50,0
DA:54,1
DA:59,2
DA:60,4
DA:63,2
DA:64,4
DA:67,2
DA:68,4
LF:23
LH:19
end_of_record
SF:/Users/danielnewville/Documents/GitHub/shu_epub/lib/src/controllers/package/epub_tours_controller.dart
DA:8,2
DA:13,2
DA:14,6
DA:15,0
DA:16,0
DA:20,2
DA:29,1
DA:30,1
DA:31,1
DA:32,1
DA:39,1
DA:40,1
DA:45,1
DA:46,2
DA:49,0
DA:50,0
DA:54,1
DA:59,2
DA:60,4
DA:62,4
LF:20
LH:16
end_of_record
SF:/Users/danielnewville/Documents/GitHub/shu_epub/lib/src/controllers/navigation/epub_navigation_image_controller.dart
DA:9,5
DA:14,5
DA:15,15
DA:16,0
DA:17,0
DA:21,5
DA:30,1
DA:31,1
DA:32,1
DA:33,1
DA:40,1
DA:41,1
DA:46,1
DA:47,2
DA:50,0
DA:51,0
DA:55,1
LF:17
LH:13
end_of_record
SF:/Users/danielnewville/Documents/GitHub/shu_epub/lib/src/controllers/package/epub_tour_site_controller.dart
DA:8,2
DA:13,2
DA:14,6
DA:15,0
DA:16,0
DA:20,2
DA:29,1
DA:30,1
DA:31,1
DA:32,1
DA:39,1
DA:40,1
DA:45,1
DA:46,2
DA:49,0
DA:50,0
DA:54,1
DA:59,2
DA:60,4
DA:63,2
DA:64,4
LF:21
LH:17
end_of_record
SF:/Users/danielnewville/Documents/GitHub/shu_epub/lib/src/controllers/navigation/epub_navigation_label_controller.dart
DA:9,7
DA:14,7
DA:17,21
DA:18,0
DA:19,0
DA:23,7
DA:32,1
DA:33,1
DA:34,1
DA:35,1
DA:42,1
DA:43,1
DA:48,1
DA:49,2
DA:52,0
DA:53,0
DA:57,1
LF:17
LH:13
end_of_record
SF:/Users/danielnewville/Documents/GitHub/shu_epub/lib/src/controllers/navigation/epub_navigation_page_list_controller.dart
DA:14,2
DA:19,2
DA:21,6
DA:22,0
DA:23,0
DA:27,2
DA:36,1
DA:37,1
DA:38,1
DA:39,1
DA:46,1
DA:47,1
DA:52,1
DA:53,2
DA:56,0
DA:57,0
DA:61,1
DA:66,2
DA:68,4
DA:71,2
DA:72,2
LF:21
LH:17
end_of_record
SF:/Users/danielnewville/Documents/GitHub/shu_epub/lib/src/enums/access_mode.dart
DA:19,24
DA:35,0
DA:37,0
DA:39,0
DA:41,0
DA:43,0
LF:6
LH:1
end_of_record
SF:/Users/danielnewville/Documents/GitHub/shu_epub/lib/src/enums/accessibility_apis.dart
DA:16,24
DA:53,0
DA:55,0
DA:57,0
DA:59,0
DA:61,0
DA:63,0
DA:65,0
DA:67,0
DA:69,0
DA:71,0
DA:73,0
DA:75,0
LF:13
LH:1
end_of_record
SF:/Users/danielnewville/Documents/GitHub/shu_epub/lib/src/enums/accessibility_control.dart
DA:15,24
DA:37,0
DA:39,0
DA:41,0
DA:43,0
DA:45,0
DA:47,0
DA:49,0
LF:8
LH:1
end_of_record
SF:/Users/danielnewville/Documents/GitHub/shu_epub/lib/src/enums/accessibility_hazard.dart
DA:33,24
DA:72,0
DA:74,0
DA:76,0
DA:78,0
DA:80,0
DA:82,0
DA:84,0
DA:86,0
DA:88,0
LF:10
LH:1
end_of_record
SF:/Users/danielnewville/Documents/GitHub/shu_epub/lib/src/enums/epub_navigation_page_target_type.dart
DA:3,24
LF:1
LH:1
end_of_record
SF:/Users/danielnewville/Documents/GitHub/shu_epub/lib/src/enums/epub_guide_reference_type.dart
DA:13,24
DA:30,0
DA:32,0
DA:34,0
DA:36,0
DA:38,0
DA:40,0
DA:42,0
DA:44,0
DA:46,0
DA:48,0
DA:50,0
DA:52,0
DA:54,0
LF:14
LH:1
end_of_record
SF:/Users/danielnewville/Documents/GitHub/shu_epub/lib/src/enums/accessibility_feature.dart
DA:19,24
DA:177,0
DA:179,0
DA:181,0
DA:183,0
DA:185,0
DA:187,0
DA:189,0
DA:191,0
DA:193,0
DA:195,0
DA:197,0
DA:199,0
DA:201,0
DA:203,0
DA:205,0
DA:207,0
DA:209,0
DA:211,0
DA:213,0
DA:215,0
DA:217,0
DA:219,0
DA:221,0
DA:223,0
DA:225,0
DA:227,0
DA:229,0
DA:231,0
DA:233,0
DA:235,0
DA:237,0
LF:32
LH:1
end_of_record
SF:/Users/danielnewville/Documents/GitHub/shu_epub/lib/src/models/package/publication_metadata/epub_package_accessibility_metadata.dart
DA:74,0
DA:85,0
DA:95,0
DA:96,0
DA:98,0
DA:99,0
DA:100,0
DA:102,0
DA:104,0
DA:105,0
DA:107,0
DA:111,0
DA:112,0
DA:113,0
DA:115,0
DA:116,0
DA:117,0
DA:118,0
DA:119,0
DA:120,0
DA:121,0
DA:122,0
DA:125,0
DA:126,0
DA:128,0
DA:133,0
DA:134,0
DA:137,0
DA:138,0
DA:139,0
DA:141,0
DA:142,0
DA:144,0
DA:146,0
DA:147,0
DA:148,0
DA:150,0
DA:152,0
DA:153,0
DA:154,0
DA:156,0
DA:158,0
DA:160,0
DA:161,0
DA:163,0
DA:165,0
DA:166,0
DA:167,0
DA:168,0
DA:169,0
DA:172,0
DA:174,0
DA:175,0
DA:176,0
DA:178,0
DA:179,0
DA:183,0
DA:185,0
DA:186,0
DA:188,0
DA:190,0
DA:193,0
DA:195,0
DA:196,0
DA:197,0
DA:198,0
DA:199,0
DA:200,0
DA:201,0
DA:202,0
DA:203,0
LF:71
LH:0
end_of_record
SF:/Users/danielnewville/Documents/GitHub/shu_epub/lib/src/models/package/tours/epub_tours.dart
DA:11,1
DA:12,1
DA:19,0
DA:20,0
DA:27,0
DA:28,0
DA:31,1
DA:35,0
DA:38,0
DA:39,0
DA:43,0
DA:44,0
DA:45,0
DA:49,0
DA:50,0
DA:53,0
DA:54,0
DA:56,0
DA:60,0
DA:62,0
DA:63,0
DA:65,0
DA:66,0
DA:68,1
DA:69,2
LF:25
LH:5
end_of_record
SF:/Users/danielnewville/Documents/GitHub/shu_epub/lib/src/models/navigation/epub_navigation_content.dart
DA:13,3
DA:14,3
DA:17,0
DA:18,0
DA:25,0
DA:26,0
DA:29,3
DA:34,0
DA:38,0
DA:39,0
DA:40,0
DA:44,0
DA:45,0
DA:46,0
DA:47,0
DA:51,0
DA:52,0
DA:53,0
DA:54,0
DA:58,0
DA:60,0
DA:61,0
DA:63,0
DA:64,0
DA:66,3
DA:67,9
LF:26
LH:5
end_of_record
SF:/Users/danielnewville/Documents/GitHub/shu_epub/lib/src/models/exception.dart
DA:10,0
DA:12,0
DA:17,0
DA:18,0
DA:19,0
DA:20,0
DA:24,0
DA:26,0
DA:28,0
DA:29,0
LF:10
LH:0
end_of_record
SF:/Users/danielnewville/Documents/GitHub/shu_epub/lib/src/models/package/epub_package.dart
DA:87,0
DA:88,0
DA:91,0
DA:92,0
DA:97,1
DA:106,0
DA:114,0
DA:115,0
DA:116,0
DA:117,0
DA:118,0
DA:119,0
DA:120,0
DA:124,0
DA:125,0
DA:126,0
DA:127,0
DA:128,0
DA:129,0
DA:130,0
DA:131,0
DA:135,0
DA:136,0
DA:137,0
DA:139,0
DA:140,0
DA:141,0
DA:142,0
DA:143,0
DA:147,0
DA:149,0
DA:150,0
DA:152,0
DA:154,0
DA:157,0
DA:159,0
DA:160,0
DA:161,0
DA:162,0
DA:163,0
DA:164,0
DA:165,0
LF:42
LH:1
end_of_record
SF:/Users/danielnewville/Documents/GitHub/shu_epub/lib/src/models/package/manifest/epub_manifest_item.dart
DA:25,1
DA:32,0
DA:38,0
DA:39,0
DA:40,0
DA:41,0
DA:42,0
DA:46,0
DA:47,0
DA:48,0
DA:49,0
DA:50,0
DA:51,0
DA:55,0
DA:56,0
DA:57,0
DA:58,0
DA:59,0
DA:60,0
DA:64,0
DA:66,0
DA:67,0
DA:69,0
DA:71,0
DA:74,0
DA:76,0
DA:77,0
DA:78,0
DA:79,0
DA:80,0
DA:120,0
DA:128,0
DA:135,0
DA:145,0
DA:146,0
DA:147,0
DA:148,0
DA:149,0
DA:150,0
DA:151,0
DA:152,0
DA:156,0
DA:158,0
DA:159,0
DA:160,0
DA:161,0
DA:162,0
DA:163,0
DA:164,0
DA:165,0
DA:169,0
DA:170,0
DA:171,0
DA:172,0
DA:173,0
DA:174,0
DA:175,0
DA:176,0
DA:177,0
DA:178,0
DA:183,0
DA:184,0
DA:186,0
DA:187,0
DA:189,0
DA:191,0
DA:192,0
DA:193,0
DA:194,0
DA:195,0
DA:199,0
DA:201,0
DA:202,0
DA:203,0
DA:204,0
DA:205,0
DA:206,0
DA:207,0
LF:78
LH:1
end_of_record
SF:/Users/danielnewville/Documents/GitHub/shu_epub/lib/src/models/package/spine/epub_spine_item_ref.dart
DA:14,2
DA:15,0
DA:17,1
DA:22,0
DA:26,0
DA:27,0
DA:28,0
DA:32,0
DA:33,0
DA:34,0
DA:35,0
DA:39,0
DA:40,0
DA:41,0
DA:42,0
DA:46,0
DA:48,0
DA:49,0
DA:51,0
DA:52,0
DA:54,0
DA:55,0
LF:22
LH:2
end_of_record
SF:/Users/danielnewville/Documents/GitHub/shu_epub/lib/src/models/navigation/epub_navigation_document_title.dart
DA:14,1
DA:16,1
DA:19,0
DA:20,0
DA:27,0
DA:28,0
DA:31,1
DA:38,0
DA:39,0
DA:42,0
DA:48,0
DA:49,0
DA:50,0
DA:51,0
DA:52,0
DA:56,0
DA:57,0
DA:58,0
DA:59,0
DA:60,0
DA:61,0
DA:65,0
DA:66,0
DA:67,0
DA:68,0
DA:69,0
DA:70,0
DA:71,0
DA:76,0
DA:78,0
DA:79,0
DA:81,0
DA:83,0
DA:86,1
DA:88,1
DA:89,1
DA:90,1
DA:91,1
DA:92,1
LF:39
LH:9
end_of_record
SF:/Users/danielnewville/Documents/GitHub/shu_epub/lib/src/models/package/publication_metadata/epub_metadata_contributer.dart
DA:14,1
DA:20,0
DA:25,0
DA:26,0
DA:27,0
DA:28,0
DA:32,0
DA:33,0
DA:34,0
DA:35,0
DA:36,0
DA:40,0
DA:41,0
DA:42,0
DA:43,0
DA:44,0
DA:48,0
DA:50,0
DA:51,0
DA:53,0
DA:55,0
DA:57,0
DA:58,0
DA:59,0
DA:60,0
DA:61,0
LF:26
LH:1
end_of_record
SF:/Users/danielnewville/Documents/GitHub/shu_epub/lib/src/models/container/epub_container.dart
DA:19,0
DA:20,0
DA:21,0
DA:25,0
DA:26,0
DA:29,0
DA:30,0
DA:31,0
DA:34,0
DA:35,0
DA:38,0
DA:39,0
DA:44,2
DA:49,0
DA:53,0
DA:54,0
DA:55,0
DA:59,0
DA:60,0
DA:61,0
DA:62,0
DA:66,0
DA:67,0
DA:69,0
DA:70,0
DA:74,0
DA:76,0
DA:77,0
DA:79,0
DA:81,0
DA:83,1
DA:84,3
LF:32
LH:3
end_of_record
SF:/Users/danielnewville/Documents/GitHub/shu_epub/lib/src/models/navigation/epub_navigation_meta.dart
DA:15,1
DA:16,1
DA:19,0
DA:20,0
DA:27,0
DA:28,0
DA:31,1
DA:37,0
DA:42,0
DA:43,0
DA:44,0
DA:45,0
DA:49,0
DA:50,0
DA:51,0
DA:52,0
DA:53,0
DA:57,0
DA:58,0
DA:59,0
DA:60,0
DA:61,0
DA:65,0
DA:67,0
DA:68,0
DA:70,0
DA:72,0
DA:74,1
DA:75,1
DA:76,1
DA:77,1
DA:78,1
LF:32
LH:8
end_of_record
SF:/Users/danielnewville/Documents/GitHub/shu_epub/lib/src/models/package/package_identity/epub_package_identity.dart
DA:10,0
DA:11,0
DA:19,1
DA:25,0
DA:30,0
DA:31,0
DA:32,0
DA:33,0
DA:37,0
DA:38,0
DA:39,0
DA:40,0
DA:41,0
DA:45,0
DA:46,0
DA:47,0
DA:48,0
DA:49,0
DA:53,0
DA:55,0
DA:56,0
DA:57,0
DA:60,0
DA:62,0
DA:64,0
DA:65,0
LF:26
LH:1
end_of_record
SF:/Users/danielnewville/Documents/GitHub/shu_epub/lib/src/models/package/manifest/epub_manifest.dart
DA:6,1
DA:10,0
DA:13,0
DA:14,0
DA:18,0
DA:19,0
DA:20,0
DA:24,0
DA:25,0
DA:28,0
DA:29,0
DA:30,0
DA:31,0
DA:35,0
DA:37,0
DA:38,0
DA:40,0
DA:41,0
DA:43,0
DA:44,0
LF:20
LH:1
end_of_record
SF:/Users/danielnewville/Documents/GitHub/shu_epub/lib/src/models/epub.dart
DA:13,0
DA:14,0
DA:39,0
DA:44,0
DA:48,0
DA:49,0
DA:50,0
DA:54,0
DA:55,0
DA:56,0
DA:57,0
DA:61,0
DA:62,0
DA:63,0
DA:64,0
DA:68,0
DA:70,0
DA:72,0
DA:74,0
DA:76,0
DA:77,0
LF:21
LH:0
end_of_record
SF:/Users/danielnewville/Documents/GitHub/shu_epub/lib/src/models/navigation/epub_navigation_label.dart
DA:18,6
DA:19,6
DA:26,0
DA:27,0
DA:34,0
DA:35,0
DA:38,6
DA:44,0
DA:49,0
DA:50,0
DA:51,0
DA:52,0
DA:56,0
DA:57,0
DA:58,0
DA:59,0
DA:60,0
DA:64,0
DA:65,0
DA:66,0
DA:67,0
DA:68,0
DA:69,0
DA:74,0
DA:76,0
DA:77,0
DA:79,0
DA:81,0
DA:83,6
DA:85,24
LF:30
LH:5
end_of_record
SF:/Users/danielnewville/Documents/GitHub/shu_epub/lib/src/models/navigation/epub_navigation_target.dart
DA:31,1
DA:32,1
DA:35,0
DA:36,0
DA:43,0
DA:44,0
DA:47,1
DA:55,0
DA:62,0
DA:63,0
DA:64,0
DA:65,0
DA:66,0
DA:67,0
DA:71,0
DA:72,0
DA:73,0
DA:74,0
DA:75,0
DA:76,0
DA:77,0
DA:81,0
DA:82,0
DA:83,0
DA:84,0
DA:85,0
DA:86,0
DA:87,0
DA:89,0
DA:90,0
DA:94,0
DA:96,0
DA:97,0
DA:99,0
DA:101,0
DA:104,1
DA:106,1
DA:107,1
DA:108,1
DA:109,1
DA:110,1
DA:111,1
LF:42
LH:10
end_of_record
SF:/Users/danielnewville/Documents/GitHub/shu_epub/lib/src/models/navigation/epub_navigation_map.dart
DA:25,1
DA:26,1
DA:29,0
DA:30,0
DA:37,0
DA:38,0
DA:41,1
DA:48,0
DA:49,0
DA:50,0
DA:51,0
DA:52,0
DA:56,0
DA:62,0
DA:63,0
DA:64,0
DA:65,0
DA:66,0
DA:70,0
DA:71,0
DA:72,0
DA:73,0
DA:74,0
DA:75,0
DA:79,0
DA:80,0
DA:81,0
DA:82,0
DA:83,0
DA:84,0
DA:85,0
DA:86,0
DA:87,0
DA:91,0
DA:93,0
DA:94,0
DA:96,0
DA:98,0
DA:101,1
DA:103,5
LF:40
LH:5
end_of_record
SF:/Users/danielnewville/Documents/GitHub/shu_epub/lib/src/models/epub_media_types.dart
DA:59,0
DA:61,0
DA:62,0
DA:63,0
DA:64,0
DA:65,0
DA:66,0
DA:67,0
LF:8
LH:0
end_of_record
SF:/Users/danielnewville/Documents/GitHub/shu_epub/lib/src/models/package/publication_metadata/epub_metadata_date.dart
DA:12,1
DA:17,0
DA:21,0
DA:22,0
DA:23,0
DA:27,0
DA:28,0
DA:29,0
DA:30,0
DA:34,0
DA:35,0
DA:36,0
DA:37,0
DA:41,0
DA:43,0
DA:44,0
DA:46,0
DA:47,0
DA:49,0
DA:50,0
LF:20
LH:1
end_of_record
SF:/Users/danielnewville/Documents/GitHub/shu_epub/lib/src/models/package/guide/epub_guide.dart
DA:11,2
DA:12,2
DA:19,0
DA:20,0
DA:27,0
DA:28,0
DA:31,2
DA:35,0
DA:38,0
DA:39,0
DA:43,0
DA:44,0
DA:45,0
DA:49,0
DA:50,0
DA:53,0
DA:54,0
DA:55,0
DA:59,0
DA:61,0
DA:62,0
DA:64,0
DA:65,0
DA:67,1
DA:68,2
LF:25
LH:5
end_of_record
SF:/Users/danielnewville/Documents/GitHub/shu_epub/lib/src/models/package/tours/epub_tour_site.dart
DA:25,1
DA:26,1
DA:33,0
DA:34,0
DA:41,0
DA:42,0
DA:45,1
DA:50,0
DA:54,0
DA:55,0
DA:56,0
DA:60,0
DA:61,0
DA:62,0
DA:63,0
DA:67,0
DA:68,0
DA:69,0
DA:70,0
DA:74,0
DA:76,0
DA:77,0
DA:79,0
DA:80,0
DA:82,1
DA:83,3
LF:26
LH:5
end_of_record
SF:/Users/danielnewville/Documents/GitHub/shu_epub/lib/src/models/navigation/epub_navigation.dart
DA:39,0
DA:40,0
DA:47,0
DA:48,0
DA:55,0
DA:56,0
DA:59,0
DA:70,0
DA:80,0
DA:81,0
DA:82,0
DA:83,0
DA:84,0
DA:85,0
DA:86,0
DA:87,0
DA:88,0
DA:92,0
DA:93,0
DA:94,0
DA:95,0
DA:96,0
DA:97,0
DA:98,0
DA:99,0
DA:100,0
DA:101,0
DA:105,0
DA:106,0
DA:107,0
DA:108,0
DA:109,0
DA:110,0
DA:111,0
DA:112,0
DA:114,0
DA:115,0
DA:116,0
DA:118,0
DA:119,0
DA:123,0
DA:125,0
DA:126,0
DA:128,0
DA:130,0
DA:133,0
DA:135,0
DA:136,0
DA:137,0
DA:138,0
DA:139,0
DA:140,0
DA:141,0
DA:142,0
DA:143,0
LF:55
LH:0
end_of_record
SF:/Users/danielnewville/Documents/GitHub/shu_epub/lib/src/models/navigation/epub_navigation_image.dart
DA:14,4
DA:15,4
DA:18,0
DA:19,0
DA:26,0
DA:27,0
DA:30,4
DA:36,0
DA:37,0
DA:40,0
DA:45,0
DA:46,0
DA:47,0
DA:48,0
DA:52,0
DA:53,0
DA:54,0
DA:55,0
DA:56,0
DA:60,0
DA:61,0
DA:62,0
DA:63,0
DA:64,0
DA:68,0
DA:70,0
DA:71,0
DA:73,0
DA:75,0
DA:77,4
DA:79,16
LF:31
LH:5
end_of_record
SF:/Users/danielnewville/Documents/GitHub/shu_epub/lib/src/models/navigation/epub_navigation_page_list.dart
DA:18,1
DA:19,1
DA:22,0
DA:23,0
DA:30,0
DA:31,0
DA:34,1
DA:42,0
DA:49,0
DA:50,0
DA:51,0
DA:52,0
DA:53,0
DA:54,0
DA:58,0
DA:59,0
DA:60,0
DA:61,0
DA:62,0
DA:63,0
DA:64,0
DA:68,0
DA:69,0
DA:70,0
DA:71,0
DA:72,0
DA:73,0
DA:75,0
DA:76,0
DA:78,0
DA:79,0
DA:84,0
DA:86,0
DA:87,0
DA:89,0
DA:91,0
DA:94,1
DA:96,1
DA:97,1
DA:98,1
DA:99,1
DA:100,1
DA:101,1
LF:43
LH:10
end_of_record
SF:/Users/danielnewville/Documents/GitHub/shu_epub/lib/src/models/package/spine/epub_spine.dart
DA:79,1
DA:83,0
DA:86,5
DA:89,1
DA:94,0
DA:98,0
DA:99,0
DA:100,0
DA:104,0
DA:105,0
DA:106,0
DA:107,0
DA:111,0
DA:112,0
DA:115,0
DA:116,0
DA:117,0
DA:118,0
DA:119,0
DA:123,0
DA:125,0
DA:126,0
DA:128,0
DA:129,0
DA:131,0
DA:132,0
LF:26
LH:3
end_of_record
SF:/Users/danielnewville/Documents/GitHub/shu_epub/lib/src/models/package/publication_metadata/epub_extra_metadata.dart
DA:7,1
DA:12,0
DA:16,0
DA:17,0
DA:18,0
DA:22,0
DA:23,0
DA:24,0
DA:25,0
DA:29,0
DA:30,0
DA:31,0
DA:32,0
DA:36,0
DA:38,0
DA:39,0
DA:41,0
DA:42,0
DA:44,0
DA:45,0
LF:20
LH:1
end_of_record
SF:/Users/danielnewville/Documents/GitHub/shu_epub/lib/src/models/package/publication_metadata/epub_publication_metadata.dart
DA:82,0
DA:84,1
DA:103,0
DA:121,0
DA:122,0
DA:123,0
DA:124,0
DA:125,0
DA:126,0
DA:127,0
DA:128,0
DA:129,0
DA:130,0
DA:131,0
DA:132,0
DA:133,0
DA:134,0
DA:135,0
DA:136,0
DA:137,0
DA:141,0
DA:142,0
DA:143,0
DA:144,0
DA:145,0
DA:146,0
DA:147,0
DA:148,0
DA:149,0
DA:150,0
DA:151,0
DA:152,0
DA:153,0
DA:154,0
DA:155,0
DA:156,0
DA:157,0
DA:158,0
DA:162,0
DA:163,0
DA:164,0
DA:165,0
DA:166,0
DA:170,0
DA:171,0
DA:172,0
DA:173,0
DA:174,0
DA:175,0
DA:176,0
DA:177,0
DA:178,0
DA:179,0
DA:180,0
DA:181,0
DA:182,0
DA:183,0
DA:184,0
DA:185,0
DA:186,0
DA:187,0
DA:188,0
DA:189,0
DA:190,0
DA:191,0
DA:195,0
DA:197,0
DA:198,0
DA:200,0
DA:202,0
DA:205,0
DA:207,0
DA:208,0
DA:209,0
DA:210,0
DA:211,0
DA:212,0
DA:213,0
DA:214,0
DA:215,0
DA:216,0
DA:217,0
DA:218,0
DA:219,0
DA:220,0
DA:221,0
DA:222,0
DA:223,0
LF:88
LH:1
end_of_record
SF:/Users/danielnewville/Documents/GitHub/shu_epub/lib/src/models/navigation/epub_navigation_document_author.dart
DA:15,1
DA:17,1
DA:20,0
DA:21,0
DA:28,0
DA:29,0
DA:32,1
DA:39,0
DA:40,0
DA:43,0
DA:49,0
DA:50,0
DA:51,0
DA:52,0
DA:53,0
DA:57,0
DA:58,0
DA:59,0
DA:60,0
DA:61,0
DA:62,0
DA:66,0
DA:67,0
DA:68,0
DA:69,0
DA:70,0
DA:71,0
DA:72,0
DA:77,0
DA:79,0
DA:80,0
DA:82,0
DA:84,0
DA:87,1
DA:89,1
DA:90,1
DA:91,1
DA:92,1
DA:93,1
LF:39
LH:9
end_of_record
SF:/Users/danielnewville/Documents/GitHub/shu_epub/lib/src/models/navigation/epub_navigation_info.dart
DA:16,3
DA:17,3
DA:24,0
DA:25,0
DA:32,0
DA:33,0
DA:36,3
DA:42,0
DA:47,0
DA:48,0
DA:49,0
DA:50,0
DA:54,0
DA:55,0
DA:56,0
DA:57,0
DA:58,0
DA:62,0
DA:63,0
DA:64,0
DA:65,0
DA:66,0
DA:67,0
DA:72,0
DA:74,0
DA:75,0
DA:77,0
DA:79,0
DA:81,3
DA:83,12
LF:30
LH:5
end_of_record
SF:/Users/danielnewville/Documents/GitHub/shu_epub/lib/src/models/package/tours/epub_single_tour.dart
DA:11,1
DA:12,1
DA:19,0
DA:20,0
DA:27,0
DA:28,0
DA:31,1
DA:35,0
DA:38,0
DA:39,0
DA:43,0
DA:44,0
DA:45,0
DA:49,0
DA:50,0
DA:51,0
DA:55,0
DA:57,0
DA:58,0
DA:60,0
DA:61,0
DA:63,1
DA:64,2
LF:23
LH:5
end_of_record
SF:/Users/danielnewville/Documents/GitHub/shu_epub/lib/src/models/container/rootfile.dart
DA:10,0
DA:11,0
DA:16,4
DA:21,0
DA:25,0
DA:26,0
DA:27,0
DA:31,0
DA:32,0
DA:33,0
DA:34,0
DA:38,0
DA:39,0
DA:40,0
DA:41,0
DA:45,0
DA:47,0
DA:48,0
DA:50,0
DA:51,0
DA:53,2
DA:54,6
LF:22
LH:3
end_of_record
SF:/Users/danielnewville/Documents/GitHub/shu_epub/lib/src/models/navigation/epub_navigation_point.dart
DA:32,2
DA:33,2
DA:36,0
DA:37,0
DA:44,0
DA:45,0
DA:48,2
DA:57,0
DA:65,0
DA:66,0
DA:67,0
DA:68,0
DA:70,0
DA:71,0
DA:72,0
DA:76,0
DA:77,0
DA:78,0
DA:79,0
DA:80,0
DA:82,0
DA:83,0
DA:84,0
DA:88,0
DA:89,0
DA:90,0
DA:91,0
DA:92,0
DA:93,0
DA:94,0
DA:95,0
DA:96,0
DA:98,0
DA:99,0
DA:103,0
DA:105,0
DA:106,0
DA:108,0
DA:110,0
DA:113,2
DA:115,2
DA:116,2
DA:117,2
DA:118,2
DA:119,2
DA:120,2
DA:121,2
LF:47
LH:11
end_of_record
SF:/Users/danielnewville/Documents/GitHub/shu_epub/lib/src/models/package/publication_metadata/epub_metadata_identifier.dart
DA:8,2
DA:21,1
DA:27,0
DA:32,0
DA:33,0
DA:34,0
DA:35,0
DA:39,0
DA:40,0
DA:41,0
DA:42,0
DA:43,0
DA:47,0
DA:48,0
DA:49,0
DA:50,0
DA:51,0
DA:55,0
DA:57,0
DA:58,0
DA:60,0
DA:62,0
DA:64,0
DA:66,0
LF:24
LH:2
end_of_record
SF:/Users/danielnewville/Documents/GitHub/shu_epub/lib/src/models/package/guide/epub_guide_item.dart
DA:32,2
DA:33,2
DA:40,0
DA:41,0
DA:48,0
DA:49,0
DA:52,2
DA:58,0
DA:63,0
DA:64,0
DA:65,0
DA:66,0
DA:70,0
DA:71,0
DA:72,0
DA:73,0
DA:74,0
DA:78,0
DA:79,0
DA:80,0
DA:81,0
DA:82,0
DA:86,0
DA:88,0
DA:89,0
DA:91,0
DA:92,0
DA:94,1
DA:96,4
LF:29
LH:5
end_of_record
SF:/Users/danielnewville/Documents/GitHub/shu_epub/lib/src/models/navigation/epub_navigation_head.dart
DA:16,1
DA:17,1
DA:20,0
DA:21,0
DA:28,0
DA:29,0
DA:32,1
DA:36,0
DA:37,0
DA:40,0
DA:43,0
DA:44,0
DA:48,0
DA:49,0
DA:50,0
DA:54,0
DA:55,0
DA:56,0
DA:57,0
DA:62,0
DA:64,0
DA:65,0
DA:67,0
DA:68,0
DA:70,1
DA:71,2
LF:26
LH:5
end_of_record
SF:/Users/danielnewville/Documents/GitHub/shu_epub/lib/src/models/navigation/epub_navigation_page_target.dart
DA:30,1
DA:32,1
DA:35,0
DA:36,0
DA:43,0
DA:44,0
DA:47,1
DA:57,0
DA:66,0
DA:67,0
DA:68,0
DA:69,0
DA:70,0
DA:71,0
DA:72,0
DA:73,0
DA:77,0
DA:78,0
DA:79,0
DA:80,0
DA:81,0
DA:82,0
DA:83,0
DA:84,0
DA:85,0
DA:89,0
DA:90,0
DA:91,0
DA:92,0
DA:93,0
DA:94,0
DA:96,0
DA:97,0
DA:98,0
DA:99,0
DA:100,0
DA:101,0
DA:106,0
DA:108,0
DA:109,0
DA:111,0
DA:113,0
DA:116,1
DA:118,1
DA:119,1
DA:120,1
DA:121,1
DA:122,1
DA:123,1
DA:124,1
DA:125,1
LF:51
LH:12
end_of_record
SF:/Users/danielnewville/Documents/GitHub/shu_epub/lib/src/models/navigation/epub_navigation_list.dart
DA:21,1
DA:22,1
DA:29,0
DA:30,0
DA:37,0
DA:38,0
DA:41,1
DA:47,0
DA:52,0
DA:53,0
DA:54,0
DA:55,0
DA:59,0
DA:60,0
DA:61,0
DA:62,0
DA:63,0
DA:67,0
DA:68,0
DA:69,0
DA:70,0
DA:72,0
DA:73,0
DA:75,0
DA:76,0
DA:81,0
DA:83,0
DA:84,0
DA:86,0
DA:88,0
DA:90,1
DA:92,4
LF:32
LH:5
end_of_record
SF:/Users/danielnewville/Documents/GitHub/shu_epub/lib/src/readers/package/epub_tour_site_reader.dart
DA:7,1
DA:8,1
DA:9,1
DA:16,0
DA:17,0
DA:18,0
DA:25,0
DA:26,0
DA:27,0
DA:30,1
DA:33,1
DA:34,1
DA:35,1
LF:13
LH:7
end_of_record
SF:/Users/danielnewville/Documents/GitHub/shu_epub/lib/src/readers/navigation/epub_navigation_head_reader.dart
DA:7,1
DA:8,1
DA:9,1
DA:12,0
DA:13,0
DA:14,0
DA:21,0
DA:22,0
DA:23,0
DA:26,1
DA:29,1
DA:31,1
LF:12
LH:6
end_of_record
SF:/Users/danielnewville/Documents/GitHub/shu_epub/lib/src/readers/navigation/epub_navigation_reader.dart
DA:7,0
DA:9,0
DA:10,0
DA:17,0
DA:18,0
DA:19,0
DA:25,0
DA:26,0
DA:27,0
DA:34,0
DA:35,0
DA:36,0
DA:39,0
DA:42,0
DA:43,0
DA:44,0
DA:45,0
DA:46,0
DA:47,0
DA:48,0
DA:49,0
DA:51,0
LF:22
LH:0
end_of_record
SF:/Users/danielnewville/Documents/GitHub/shu_epub/lib/src/readers/epub_container_reader.dart
DA:6,1
DA:7,1
DA:8,1
DA:11,0
DA:12,0
DA:23,1
DA:25,2
DA:26,0
DA:27,0
DA:31,1
DA:37,1
DA:39,1
DA:40,4
DA:42,0
DA:43,0
DA:46,2
DA:49,1
DA:50,2
LF:18
LH:12
end_of_record
SF:/Users/danielnewville/Documents/GitHub/shu_epub/lib/src/readers/navigation/epub_navigation_page_list_reader.dart
DA:7,1
DA:9,1
DA:10,1
DA:13,0
DA:15,0
DA:16,0
DA:23,0
DA:24,0
DA:25,0
DA:28,1
DA:31,1
DA:32,1
DA:33,1
DA:34,1
DA:35,1
DA:36,1
LF:16
LH:10
end_of_record
SF:/Users/danielnewville/Documents/GitHub/shu_epub/lib/src/readers/package/epub_single_tour_reader.dart
DA:7,1
DA:8,1
DA:9,1
DA:16,0
DA:17,0
DA:18,0
DA:25,0
DA:26,0
DA:27,0
DA:30,1
DA:33,2
LF:11
LH:5
end_of_record
SF:/Users/danielnewville/Documents/GitHub/shu_epub/lib/src/readers/navigation/epub_navigation_point_reader.dart
DA:7,2
DA:9,2
DA:10,2
DA:13,0
DA:14,0
DA:15,0
DA:22,0
DA:23,0
DA:24,0
DA:27,2
DA:30,2
DA:31,2
DA:32,2
DA:33,2
DA:34,2
DA:35,2
DA:36,2
LF:17
LH:11
end_of_record
SF:/Users/danielnewville/Documents/GitHub/shu_epub/lib/src/readers/package/epub_tours_reader.dart
DA:7,1
DA:8,1
DA:9,1
DA:16,0
DA:17,0
DA:18,0
DA:25,0
DA:26,0
DA:27,0
DA:30,1
DA:33,2
LF:11
LH:5
end_of_record
SF:/Users/danielnewville/Documents/GitHub/shu_epub/lib/src/readers/navigation/epub_navigation_document_title_reader.dart
DA:7,1
DA:10,1
DA:11,1
DA:14,0
DA:16,0
DA:17,0
DA:24,0
DA:25,0
DA:26,0
DA:29,1
DA:32,1
DA:33,1
DA:34,1
DA:35,1
DA:37,1
LF:15
LH:9
end_of_record
SF:/Users/danielnewville/Documents/GitHub/shu_epub/lib/src/readers/navigation/epub_navigation_list_reader.dart
DA:7,1
DA:8,1
DA:9,1
DA:12,0
DA:13,0
DA:14,0
DA:21,0
DA:22,0
DA:23,0
DA:26,1
DA:29,1
DA:30,1
DA:31,1
DA:33,1
LF:14
LH:8
end_of_record
SF:/Users/danielnewville/Documents/GitHub/shu_epub/lib/src/readers/epub_reader.dart
DA:4,0
DA:6,0
DA:7,0
DA:8,0
DA:10,0
DA:15,0
DA:18,0
DA:20,0
DA:25,0
DA:27,0
DA:31,0
DA:39,0
DA:41,0
DA:47,0
DA:50,0
DA:51,0
DA:52,0
DA:53,0
DA:54,0
DA:58,0
LF:20
LH:0
end_of_record
SF:/Users/danielnewville/Documents/GitHub/shu_epub/lib/src/readers/package/epub_package_reader.dart
DA:4,1
DA:5,1
DA:6,1
DA:9,1
DA:10,1
DA:12,1
DA:13,1
DA:16,1
DA:18,1
DA:20,1
DA:22,1
DA:24,1
LF:12
LH:12
end_of_record
SF:/Users/danielnewville/Documents/GitHub/shu_epub/lib/src/readers/package/epub_guide_item_reader.dart
DA:7,2
DA:8,2
DA:9,2
DA:16,0
DA:17,0
DA:18,0
DA:25,0
DA:26,0
DA:27,0
DA:30,2
DA:33,2
DA:34,2
DA:35,2
DA:36,2
LF:14
LH:8
end_of_record
SF:/Users/danielnewville/Documents/GitHub/shu_epub/lib/src/readers/navigation/epub_navigation_image_reader.dart
DA:7,4
DA:8,4
DA:9,4
DA:12,0
DA:13,0
DA:14,0
DA:21,0
DA:22,0
DA:23,0
DA:26,4
DA:29,4
DA:30,4
LF:12
LH:6
end_of_record
SF:/Users/danielnewville/Documents/GitHub/shu_epub/lib/src/readers/navigation/epub_navigation_document_author_reader.dart
DA:7,1
DA:10,1
DA:11,1
DA:14,0
DA:16,0
DA:17,0
DA:24,0
DA:25,0
DA:26,0
DA:29,1
DA:32,1
DA:33,1
DA:34,1
DA:35,1
DA:37,1
LF:15
LH:9
end_of_record
SF:/Users/danielnewville/Documents/GitHub/shu_epub/lib/src/readers/navigation/epub_navigation_content_reader.dart
DA:7,3
DA:9,3
DA:10,3
DA:17,0
DA:19,0
DA:20,0
DA:27,0
DA:28,0
DA:29,0
DA:32,3
DA:35,3
DA:36,3
DA:38,3
LF:13
LH:7
end_of_record
SF:/Users/danielnewville/Documents/GitHub/shu_epub/lib/src/readers/navigation/epub_navigation_info_reader.dart
DA:7,3
DA:9,3
DA:10,3
DA:13,0
DA:14,0
DA:15,0
DA:22,0
DA:23,0
DA:24,0
DA:27,3
DA:30,3
DA:31,3
DA:32,3
DA:34,3
LF:14
LH:8
end_of_record
SF:/Users/danielnewville/Documents/GitHub/shu_epub/lib/src/readers/navigation/epub_navigation_meta_reader.dart
DA:7,1
DA:8,1
DA:9,1
DA:12,0
DA:13,0
DA:14,0
DA:21,0
DA:22,0
DA:23,0
DA:26,1
DA:29,1
DA:30,1
DA:31,1
DA:32,1
LF:14
LH:8
end_of_record
SF:/Users/danielnewville/Documents/GitHub/shu_epub/lib/src/readers/package/epub_guide_reader.dart
DA:7,2
DA:8,2
DA:9,2
DA:16,0
DA:17,0
DA:18,0
DA:25,0
DA:26,0
DA:27,0
DA:30,2
DA:33,4
LF:11
LH:5
end_of_record
SF:/Users/danielnewville/Documents/GitHub/shu_epub/lib/src/readers/navigation/epub_navigation_map_reader.dart
DA:7,1
DA:8,1
DA:9,1
DA:12,0
DA:13,0
DA:14,0
DA:21,0
DA:22,0
DA:23,0
DA:26,1
DA:29,1
DA:30,1
DA:31,1
DA:32,1
DA:34,1
LF:15
LH:9
end_of_record
SF:/Users/danielnewville/Documents/GitHub/shu_epub/lib/src/readers/navigation/epub_navigation_label_reader.dart
DA:7,6
DA:9,6
DA:10,6
DA:13,0
DA:14,0
DA:15,0
DA:22,0
DA:23,0
DA:24,0
DA:27,6
DA:30,6
DA:31,6
DA:32,6
DA:34,6
LF:14
LH:8
end_of_record
SF:/Users/danielnewville/Documents/GitHub/shu_epub/lib/src/readers/navigation/epub_navigation_target_reader.dart
DA:7,1
DA:9,1
DA:10,1
DA:13,0
DA:15,0
DA:16,0
DA:23,0
DA:24,0
DA:25,0
DA:28,1
DA:31,1
DA:32,1
DA:33,1
DA:34,1
DA:35,1
DA:36,1
LF:16
LH:10
end_of_record
SF:/Users/danielnewville/Documents/GitHub/shu_epub/lib/src/readers/navigation/epub_navigation_page_target_reader.dart
DA:7,1
DA:9,1
DA:10,1
DA:13,0
DA:15,0
DA:16,0
DA:23,0
DA:24,0
DA:25,0
DA:28,1
DA:31,1
DA:32,1
DA:33,1
DA:34,1
DA:35,1
DA:36,1
DA:37,1
DA:38,1
LF:18
LH:12
end_of_record
SF:/Users/danielnewville/Documents/GitHub/shu_epub/lib/src/utils/collection_utils.dart
DA:4,2
DA:5,4
DA:6,2
DA:12,23
DA:13,23
DA:14,46
LF:6
LH:6
end_of_record
SF:/Users/danielnewville/Documents/GitHub/shu_epub/lib/src/utils/xml_utils.dart
DA:9,19
DA:11,19
DA:12,0
DA:13,0
DA:24,0
DA:26,0
DA:27,0
LF:7
LH:2
end_of_record
SF:/Users/danielnewville/Documents/GitHub/shu_epub/lib/src/service/archive_service.dart
DA:4,0
DA:5,0
DA:6,0
DA:16,0
DA:17,0
DA:18,0
DA:20,0
DA:21,0
DA:23,0
DA:24,0
DA:25,0
DA:34,0
DA:42,3
DA:43,6
DA:50,1
DA:51,2
DA:52,1
DA:53,3
DA:54,1
DA:55,1
DA:56,1
LF:21
LH:9
end_of_record
