SF:/Users/danielnewville/Documents/GitHub/shu_epub/lib/service/archive_service.dart
DA:4,0
DA:5,0
DA:6,0
DA:7,1
DA:8,2
DA:15,1
DA:16,2
DA:17,1
DA:18,3
DA:19,1
DA:20,1
DA:21,1
DA:23,0
DA:24,0
DA:25,0
DA:34,0
DA:42,3
DA:43,6
DA:50,1
DA:51,2
DA:52,1
DA:53,3
DA:54,1
DA:55,1
DA:56,1
LF:25
LH:18
end_of_record
SF:/Users/danielnewville/Documents/GitHub/shu_epub/lib/utils/collection_utils.dart
DA:4,2
DA:5,4
DA:6,2
DA:12,2
DA:13,2
DA:14,4
LF:6
LH:6
end_of_record
SF:/Users/danielnewville/Documents/GitHub/shu_epub/lib/controllers/epub_container_controller.dart
DA:7,1
DA:13,1
DA:14,1
DA:18,1
DA:20,1
DA:21,1
DA:27,1
DA:29,1
DA:30,0
DA:31,0
DA:39,1
DA:43,1
DA:47,1
DA:50,0
DA:51,0
DA:56,0
DA:57,0
DA:59,0
DA:65,1
DA:66,2
DA:69,1
DA:71,2
DA:73,0
DA:74,0
DA:77,2
DA:78,1
DA:79,0
DA:80,0
DA:84,1
DA:90,1
DA:93,2
DA:94,1
DA:96,0
DA:97,0
DA:100,1
DA:102,0
DA:103,0
DA:106,1
DA:107,1
LF:39
LH:24
end_of_record
SF:/Users/danielnewville/Documents/GitHub/shu_epub/lib/controllers/epub_package_controller.dart
DA:12,0
DA:14,0
DA:16,1
DA:27,1
DA:28,1
DA:32,1
DA:34,1
DA:36,1
DA:38,1
DA:40,1
DA:42,1
DA:44,1
DA:46,1
DA:57,1
DA:59,1
DA:60,0
DA:61,0
DA:69,1
DA:73,1
DA:75,1
DA:78,0
DA:79,0
DA:84,0
DA:85,0
DA:87,0
DA:95,1
DA:101,2
DA:103,0
DA:104,0
DA:111,1
DA:112,2
DA:114,0
DA:118,2
DA:120,0
DA:125,2
DA:127,1
DA:135,1
DA:136,3
DA:138,3
DA:142,0
DA:143,0
DA:144,0
DA:145,0
DA:147,0
DA:148,1
DA:149,1
DA:150,3
DA:151,1
DA:152,1
DA:154,1
DA:157,1
DA:160,1
DA:161,4
DA:162,1
DA:165,1
DA:166,3
DA:167,1
DA:168,1
DA:169,1
DA:171,1
DA:174,1
DA:175,1
DA:176,0
DA:177,0
DA:178,0
DA:180,1
DA:183,1
DA:184,4
DA:185,1
DA:188,1
DA:189,1
DA:190,1
DA:191,1
DA:194,1
DA:195,1
DA:196,1
DA:197,1
DA:200,2
DA:204,1
DA:205,1
DA:206,1
DA:210,1
DA:211,1
DA:212,0
DA:213,0
DA:216,1
DA:217,1
DA:218,1
DA:219,1
DA:222,1
DA:223,1
DA:224,0
DA:225,0
DA:228,1
DA:229,4
DA:230,1
DA:233,1
DA:234,1
DA:235,0
DA:236,0
DA:239,1
DA:240,1
DA:241,0
DA:242,0
DA:245,1
DA:246,1
DA:247,1
DA:248,1
DA:251,1
DA:252,3
DA:253,2
DA:254,1
DA:255,1
DA:257,1
DA:259,1
DA:279,1
DA:280,2
DA:283,3
DA:284,1
DA:285,1
DA:286,1
DA:287,1
DA:289,1
DA:292,1
DA:293,3
LF:125
LH:96
end_of_record
SF:/Users/danielnewville/Documents/GitHub/shu_epub/lib/models/package/epub_spine.dart
DA:63,1
DA:68,0
DA:72,0
DA:73,0
DA:74,0
DA:78,0
DA:79,0
DA:80,0
DA:81,0
DA:85,1
DA:86,2
DA:89,0
DA:90,0
DA:91,0
DA:92,0
DA:93,0
DA:97,0
DA:99,0
DA:100,0
DA:102,0
DA:103,0
DA:105,0
DA:106,0
LF:23
LH:3
end_of_record
SF:/Users/danielnewville/Documents/GitHub/shu_epub/lib/models/exception.dart
DA:10,0
DA:12,0
DA:17,0
DA:18,0
DA:19,0
DA:20,0
DA:24,0
DA:26,0
DA:28,0
DA:29,0
LF:10
LH:0
end_of_record
SF:/Users/danielnewville/Documents/GitHub/shu_epub/lib/models/package/epub_manifest_item.dart
DA:25,1
DA:32,0
DA:38,0
DA:39,0
DA:40,0
DA:41,0
DA:42,0
DA:46,0
DA:47,0
DA:48,0
DA:49,0
DA:50,0
DA:51,0
DA:55,0
DA:56,0
DA:57,0
DA:58,0
DA:59,0
DA:60,0
DA:64,0
DA:66,0
DA:67,0
DA:69,0
DA:71,0
DA:74,0
DA:76,0
DA:77,0
DA:78,0
DA:79,0
DA:80,0
DA:120,0
DA:128,0
DA:135,0
DA:145,0
DA:146,0
DA:147,0
DA:148,0
DA:149,0
DA:150,0
DA:151,0
DA:152,0
DA:156,0
DA:158,0
DA:159,0
DA:160,0
DA:161,0
DA:162,0
DA:163,0
DA:164,0
DA:165,0
DA:169,0
DA:170,0
DA:171,0
DA:172,0
DA:173,0
DA:174,0
DA:175,0
DA:176,0
DA:177,0
DA:178,0
DA:183,0
DA:184,0
DA:186,0
DA:187,0
DA:189,0
DA:191,0
DA:192,0
DA:193,0
DA:194,0
DA:195,0
DA:199,0
DA:201,0
DA:202,0
DA:203,0
DA:204,0
DA:205,0
DA:206,0
DA:207,0
LF:78
LH:1
end_of_record
SF:/Users/danielnewville/Documents/GitHub/shu_epub/lib/models/package/epub_spine_item_ref.dart
DA:14,0
DA:15,0
DA:17,0
DA:22,0
DA:26,0
DA:27,0
DA:28,0
DA:32,0
DA:33,0
DA:34,0
DA:35,0
DA:39,0
DA:40,0
DA:41,0
DA:42,0
DA:46,0
DA:48,0
DA:49,0
DA:51,0
DA:52,0
DA:54,0
DA:55,0
LF:22
LH:0
end_of_record
SF:/Users/danielnewville/Documents/GitHub/shu_epub/lib/models/package/epub_extra_metadata.dart
DA:7,1
DA:12,0
DA:16,0
DA:17,0
DA:18,0
DA:22,0
DA:23,0
DA:24,0
DA:25,0
DA:29,0
DA:30,0
DA:31,0
DA:32,0
DA:36,0
DA:38,0
DA:39,0
DA:41,0
DA:42,0
DA:44,0
DA:45,0
LF:20
LH:1
end_of_record
SF:/Users/danielnewville/Documents/GitHub/shu_epub/lib/models/package/epub_metadata_contributer.dart
DA:14,1
DA:20,0
DA:25,0
DA:26,0
DA:27,0
DA:28,0
DA:32,0
DA:33,0
DA:34,0
DA:35,0
DA:36,0
DA:40,0
DA:41,0
DA:42,0
DA:43,0
DA:44,0
DA:48,0
DA:50,0
DA:51,0
DA:53,0
DA:55,0
DA:57,0
DA:58,0
DA:59,0
DA:60,0
DA:61,0
LF:26
LH:1
end_of_record
SF:/Users/danielnewville/Documents/GitHub/shu_epub/lib/models/package/epub_guide_reference.dart
DA:27,0
DA:33,0
DA:38,0
DA:39,0
DA:40,0
DA:41,0
DA:45,0
DA:46,0
DA:47,0
DA:48,0
DA:49,0
DA:53,0
DA:54,0
DA:55,0
DA:56,0
DA:57,0
DA:61,0
DA:63,0
DA:64,0
DA:66,0
DA:68,0
DA:70,0
DA:71,0
LF:23
LH:0
end_of_record
SF:/Users/danielnewville/Documents/GitHub/shu_epub/lib/models/package/epub_publication_metadata.dart
DA:80,0
DA:82,1
DA:101,0
DA:119,0
DA:120,0
DA:121,0
DA:122,0
DA:123,0
DA:124,0
DA:125,0
DA:126,0
DA:127,0
DA:128,0
DA:129,0
DA:130,0
DA:131,0
DA:132,0
DA:133,0
DA:134,0
DA:135,0
DA:139,0
DA:140,0
DA:141,0
DA:142,0
DA:143,0
DA:144,0
DA:145,0
DA:146,0
DA:147,0
DA:148,0
DA:149,0
DA:150,0
DA:151,0
DA:152,0
DA:153,0
DA:154,0
DA:155,0
DA:156,0
DA:160,0
DA:161,0
DA:162,0
DA:163,0
DA:164,0
DA:168,0
DA:169,0
DA:170,0
DA:171,0
DA:172,0
DA:173,0
DA:174,0
DA:175,0
DA:176,0
DA:177,0
DA:178,0
DA:179,0
DA:180,0
DA:181,0
DA:182,0
DA:183,0
DA:184,0
DA:185,0
DA:186,0
DA:187,0
DA:188,0
DA:189,0
DA:193,0
DA:195,0
DA:196,0
DA:198,0
DA:200,0
DA:203,0
DA:205,0
DA:206,0
DA:207,0
DA:208,0
DA:209,0
DA:210,0
DA:211,0
DA:212,0
DA:213,0
DA:214,0
DA:215,0
DA:216,0
DA:217,0
DA:218,0
DA:219,0
DA:220,0
DA:221,0
LF:88
LH:1
end_of_record
SF:/Users/danielnewville/Documents/GitHub/shu_epub/lib/models/package/epub_tour.dart
DA:6,0
DA:10,0
DA:13,0
DA:14,0
DA:18,0
DA:19,0
DA:20,0
DA:24,0
DA:25,0
DA:26,0
DA:27,0
DA:31,0
DA:33,0
DA:34,0
DA:36,0
DA:37,0
DA:39,0
DA:40,0
LF:18
LH:0
end_of_record
SF:/Users/danielnewville/Documents/GitHub/shu_epub/lib/models/package/epub_package_identity.dart
DA:10,0
DA:11,0
DA:19,1
DA:25,0
DA:30,0
DA:31,0
DA:32,0
DA:33,0
DA:37,0
DA:38,0
DA:39,0
DA:40,0
DA:41,0
DA:45,0
DA:46,0
DA:47,0
DA:48,0
DA:49,0
DA:53,0
DA:55,0
DA:56,0
DA:57,0
DA:60,0
DA:62,0
DA:64,0
DA:65,0
LF:26
LH:1
end_of_record
SF:/Users/danielnewville/Documents/GitHub/shu_epub/lib/models/package/epub_package_file.dart
DA:95,0
DA:96,0
DA:99,0
DA:100,0
DA:105,1
DA:114,0
DA:122,0
DA:123,0
DA:124,0
DA:125,0
DA:126,0
DA:127,0
DA:128,0
DA:132,0
DA:133,0
DA:134,0
DA:135,0
DA:136,0
DA:137,0
DA:138,0
DA:139,0
DA:143,0
DA:144,0
DA:145,0
DA:147,0
DA:148,0
DA:149,0
DA:150,0
DA:151,0
DA:152,0
DA:153,0
DA:155,0
DA:156,0
DA:161,0
DA:163,0
DA:164,0
DA:166,0
DA:168,0
DA:171,0
DA:173,0
DA:174,0
DA:175,0
DA:176,0
DA:177,0
DA:178,0
DA:179,0
LF:46
LH:1
end_of_record
SF:/Users/danielnewville/Documents/GitHub/shu_epub/lib/models/epub.dart
DA:13,0
DA:14,0
DA:39,0
DA:44,0
DA:48,0
DA:49,0
DA:50,0
DA:54,0
DA:55,0
DA:56,0
DA:57,0
DA:61,0
DA:62,0
DA:63,0
DA:64,0
DA:68,0
DA:70,0
DA:72,0
DA:74,0
DA:76,0
DA:77,0
LF:21
LH:0
end_of_record
SF:/Users/danielnewville/Documents/GitHub/shu_epub/lib/models/package/epub_package_metadata.dart
DA:74,0
DA:85,0
DA:95,0
DA:96,0
DA:98,0
DA:99,0
DA:100,0
DA:102,0
DA:104,0
DA:105,0
DA:107,0
DA:111,0
DA:112,0
DA:113,0
DA:115,0
DA:116,0
DA:117,0
DA:118,0
DA:119,0
DA:120,0
DA:121,0
DA:122,0
DA:125,0
DA:126,0
DA:128,0
DA:133,0
DA:134,0
DA:137,0
DA:138,0
DA:139,0
DA:141,0
DA:142,0
DA:144,0
DA:146,0
DA:147,0
DA:148,0
DA:150,0
DA:152,0
DA:153,0
DA:154,0
DA:156,0
DA:158,0
DA:160,0
DA:161,0
DA:163,0
DA:165,0
DA:166,0
DA:167,0
DA:168,0
DA:169,0
DA:172,0
DA:174,0
DA:175,0
DA:176,0
DA:178,0
DA:179,0
DA:183,0
DA:185,0
DA:186,0
DA:188,0
DA:190,0
DA:193,0
DA:195,0
DA:196,0
DA:197,0
DA:198,0
DA:199,0
DA:200,0
DA:201,0
DA:202,0
DA:203,0
LF:71
LH:0
end_of_record
SF:/Users/danielnewville/Documents/GitHub/shu_epub/lib/models/container/epub_container_file.dart
DA:14,0
DA:15,0
DA:16,0
DA:17,0
DA:18,0
DA:22,0
DA:23,0
DA:24,0
DA:27,0
DA:28,0
DA:31,0
DA:32,0
DA:37,2
DA:42,0
DA:46,0
DA:47,0
DA:48,0
DA:52,0
DA:53,0
DA:54,0
DA:55,0
DA:59,0
DA:60,0
DA:61,0
DA:62,0
DA:63,0
DA:67,0
DA:69,0
DA:70,0
DA:72,0
DA:74,0
DA:76,1
DA:77,3
LF:33
LH:3
end_of_record
SF:/Users/danielnewville/Documents/GitHub/shu_epub/lib/models/container/root_file.dart
DA:12,4
DA:17,0
DA:21,0
DA:22,0
DA:23,0
DA:27,0
DA:28,0
DA:29,0
DA:30,0
DA:34,0
DA:35,0
DA:36,0
DA:37,0
DA:41,0
DA:43,0
DA:44,0
DA:46,0
DA:47,0
DA:49,1
DA:50,3
LF:20
LH:3
end_of_record
SF:/Users/danielnewville/Documents/GitHub/shu_epub/lib/models/package/epub_metadata_identifier.dart
DA:8,2
DA:21,1
DA:27,0
DA:32,0
DA:33,0
DA:34,0
DA:35,0
DA:39,0
DA:40,0
DA:41,0
DA:42,0
DA:43,0
DA:47,0
DA:48,0
DA:49,0
DA:50,0
DA:51,0
DA:55,0
DA:57,0
DA:58,0
DA:60,0
DA:62,0
DA:64,0
DA:66,0
LF:24
LH:2
end_of_record
SF:/Users/danielnewville/Documents/GitHub/shu_epub/lib/models/epub_media_types.dart
DA:59,0
DA:61,0
DA:62,0
DA:63,0
DA:64,0
DA:65,0
DA:66,0
DA:67,0
LF:8
LH:0
end_of_record
SF:/Users/danielnewville/Documents/GitHub/shu_epub/lib/models/package/epub_metadata_date.dart
DA:12,1
DA:17,0
DA:21,0
DA:22,0
DA:23,0
DA:27,0
DA:28,0
DA:29,0
DA:30,0
DA:34,0
DA:35,0
DA:36,0
DA:37,0
DA:41,0
DA:43,0
DA:44,0
DA:46,0
DA:47,0
DA:49,0
DA:50,0
LF:20
LH:1
end_of_record
SF:/Users/danielnewville/Documents/GitHub/shu_epub/lib/models/package/epub_tour_site.dart
DA:20,0
DA:25,0
DA:29,0
DA:30,0
DA:31,0
DA:35,0
DA:36,0
DA:37,0
DA:38,0
DA:42,0
DA:43,0
DA:44,0
DA:45,0
DA:49,0
DA:51,0
DA:52,0
DA:54,0
DA:55,0
DA:57,0
DA:58,0
LF:20
LH:0
end_of_record
SF:/Users/danielnewville/Documents/GitHub/shu_epub/lib/enums/access_mode.dart
DA:19,4
DA:35,0
DA:37,0
DA:39,0
DA:41,0
DA:43,0
LF:6
LH:1
end_of_record
SF:/Users/danielnewville/Documents/GitHub/shu_epub/lib/enums/accessibility_apis.dart
DA:16,4
DA:53,0
DA:55,0
DA:57,0
DA:59,0
DA:61,0
DA:63,0
DA:65,0
DA:67,0
DA:69,0
DA:71,0
DA:73,0
DA:75,0
LF:13
LH:1
end_of_record
SF:/Users/danielnewville/Documents/GitHub/shu_epub/lib/enums/accessibility_control.dart
DA:15,4
DA:37,0
DA:39,0
DA:41,0
DA:43,0
DA:45,0
DA:47,0
DA:49,0
LF:8
LH:1
end_of_record
SF:/Users/danielnewville/Documents/GitHub/shu_epub/lib/enums/accessibility_hazard.dart
DA:33,4
DA:72,0
DA:74,0
DA:76,0
DA:78,0
DA:80,0
DA:82,0
DA:84,0
DA:86,0
DA:88,0
LF:10
LH:1
end_of_record
SF:/Users/danielnewville/Documents/GitHub/shu_epub/lib/enums/epub_guide_reference_type.dart
DA:13,3
DA:30,0
DA:32,0
DA:34,0
DA:36,0
DA:38,0
DA:40,0
DA:42,0
DA:44,0
DA:46,0
DA:48,0
DA:50,0
DA:52,0
DA:54,0
LF:14
LH:1
end_of_record
SF:/Users/danielnewville/Documents/GitHub/shu_epub/lib/enums/accessibility_feature.dart
DA:19,4
DA:177,0
DA:179,0
DA:181,0
DA:183,0
DA:185,0
DA:187,0
DA:189,0
DA:191,0
DA:193,0
DA:195,0
DA:197,0
DA:199,0
DA:201,0
DA:203,0
DA:205,0
DA:207,0
DA:209,0
DA:211,0
DA:213,0
DA:215,0
DA:217,0
DA:219,0
DA:221,0
DA:223,0
DA:225,0
DA:227,0
DA:229,0
DA:231,0
DA:233,0
DA:235,0
DA:237,0
LF:32
LH:1
end_of_record
SF:/Users/danielnewville/Documents/GitHub/shu_epub/lib/readers/epub_reader.dart
DA:4,0
DA:6,0
DA:7,0
DA:8,0
DA:10,0
DA:14,0
DA:15,0
DA:17,0
DA:18,0
DA:19,0
DA:20,0
DA:22,0
DA:23,0
DA:25,0
DA:26,0
DA:27,0
DA:28,0
DA:29,0
DA:30,0
DA:31,0
DA:32,0
DA:35,0
DA:36,0
DA:37,0
DA:43,0
DA:46,0
DA:47,0
DA:48,0
DA:49,0
DA:50,0
DA:54,0
LF:31
LH:0
end_of_record
SF:/Users/danielnewville/Documents/GitHub/shu_epub/lib/readers/epub_package_reader.dart
DA:4,1
DA:5,1
DA:6,1
DA:9,1
DA:10,1
DA:12,1
DA:13,1
DA:16,1
DA:18,1
DA:22,1
LF:10
LH:10
end_of_record
SF:/Users/danielnewville/Documents/GitHub/shu_epub/lib/readers/epub_container_reader.dart
DA:6,1
DA:7,1
DA:8,1
DA:10,1
DA:13,0
DA:14,0
DA:26,1
DA:28,4
DA:29,0
DA:30,0
DA:34,1
DA:40,1
DA:42,2
DA:43,3
DA:45,0
DA:46,0
DA:49,2
DA:52,1
DA:53,2
LF:19
LH:13
end_of_record
